BaiduMapsApiDemo/build/outputs/logs/manifest-merger-debug-report.txt
-- Merging decision tree log ---
manifest
ADDED from MyApplication3\BaiduMapsApiDemo\AndroidManifest.xml:2:1-222:12
INJECTED from MyApplication3\BaiduMapsApiDemo\AndroidManifest.xml:2:1-222:12
INJECTED from MyApplication3\BaiduMapsApiDemo\AndroidManifest.xml:2:1-222:12
INJECTED from MyApplication3\BaiduMapsApiDemo\AndroidManifest.xml:2:1-222:12
MERGED from [com.android.support:support-v4:27.0.2] AndroidManifest.xml:17:1-22:12
MERGED from [com.android.support:support-media-compat:27.0.2] AndroidManifest.xml:17:1-22:12
MERGED from [com.android.support:support-fragment:27.0.2] AndroidManifest.xml:17:1-22:12
MERGED from [com.android.support:support-core-utils:27.0.2] AndroidManifest.xml:17:1-22:12
MERGED from [com.android.support:support-core-ui:27.0.2] AndroidManifest.xml:17:1-22:12
MERGED from [com.android.support:support-compat:27.0.2] AndroidManifest.xml:17:1-22:12
MERGED from [android.arch.lifecycle:runtime:1.0.3] AndroidManifest.xml:17:1-24:12
INJECTED from MyApplication3\BaiduMapsApiDemo\AndroidManifest.xml:2:1-222:12
INJECTED from MyApplication3\BaiduMapsApiDemo\AndroidManifest.xml:2:1-222:12
INJECTED from MyApplication3\BaiduMapsApiDemo\AndroidManifest.xml:2:1-222:12
	package
		ADDED from MyApplication3\BaiduMapsApiDemo\AndroidManifest.xml:3:5-31
		INJECTED from MyApplication3\BaiduMapsApiDemo\AndroidManifest.xml
		INJECTED from MyApplication3\BaiduMapsApiDemo\AndroidManifest.xml
	android:versionName
		ADDED from MyApplication3\BaiduMapsApiDemo\AndroidManifest.xml:5:5-30
		INJECTED from MyApplication3\BaiduMapsApiDemo\AndroidManifest.xml
		INJECTED from MyApplication3\BaiduMapsApiDemo\AndroidManifest.xml
	xmlns:android
		ADDED from MyApplication3\BaiduMapsApiDemo\AndroidManifest.xml:2:11-69
	android:versionCode
		ADDED from MyApplication3\BaiduMapsApiDemo\AndroidManifest.xml:4:5-28
		INJECTED from MyApplication3\BaiduMapsApiDemo\AndroidManifest.xml
		INJECTED from MyApplication3\BaiduMapsApiDemo\AndroidManifest.xml
uses-sdk
ADDED from MyApplication3\BaiduMapsApiDemo\AndroidManifest.xml:7:5-9:41
INJECTED from MyApplication3\BaiduMapsApiDemo\AndroidManifest.xml:7:5-9:41
INJECTED from MyApplication3\BaiduMapsApiDemo\AndroidManifest.xml:7:5-9:41
MERGED from [com.android.support:support-v4:27.0.2] AndroidManifest.xml:20:5-44
MERGED from [com.android.support:support-v4:27.0.2] AndroidManifest.xml:20:5-44
MERGED from [com.android.support:support-media-compat:27.0.2] AndroidManifest.xml:20:5-44
MERGED from [com.android.support:support-media-compat:27.0.2] AndroidManifest.xml:20:5-44
MERGED from [com.android.support:support-fragment:27.0.2] AndroidManifest.xml:20:5-44
MERGED from [com.android.support:support-fragment:27.0.2] AndroidManifest.xml:20:5-44
MERGED from [com.android.support:support-core-utils:27.0.2] AndroidManifest.xml:20:5-44
MERGED from [com.android.support:support-core-utils:27.0.2] AndroidManifest.xml:20:5-44
MERGED from [com.android.support:support-core-ui:27.0.2] AndroidManifest.xml:20:5-44
MERGED from [com.android.support:support-core-ui:27.0.2] AndroidManifest.xml:20:5-44
MERGED from [com.android.support:support-compat:27.0.2] AndroidManifest.xml:20:5-44
MERGED from [com.android.support:support-compat:27.0.2] AndroidManifest.xml:20:5-44
MERGED from [android.arch.lifecycle:runtime:1.0.3] AndroidManifest.xml:20:5-22:41
MERGED from [android.arch.lifecycle:runtime:1.0.3] AndroidManifest.xml:20:5-22:41
INJECTED from MyApplication3\BaiduMapsApiDemo\AndroidManifest.xml:7:5-9:41
INJECTED from MyApplication3\BaiduMapsApiDemo\AndroidManifest.xml:7:5-9:41
	android:targetSdkVersion
		ADDED from MyApplication3\BaiduMapsApiDemo\AndroidManifest.xml:9:9-38
		INJECTED from MyApplication3\BaiduMapsApiDemo\AndroidManifest.xml
		INJECTED from MyApplication3\BaiduMapsApiDemo\AndroidManifest.xml
	android:minSdkVersion
		ADDED from MyApplication3\BaiduMapsApiDemo\AndroidManifest.xml:8:9-34
		INJECTED from MyApplication3\BaiduMapsApiDemo\AndroidManifest.xml
		INJECTED from MyApplication3\BaiduMapsApiDemo\AndroidManifest.xml
uses-feature#0x00020000
ADDED from MyApplication3\BaiduMapsApiDemo\AndroidManifest.xml:12:5-14:35
	android:glEsVersion
		ADDED from MyApplication3\BaiduMapsApiDemo\AndroidManifest.xml:13:9-41
	android:required
		ADDED from MyApplication3\BaiduMapsApiDemo\AndroidManifest.xml:14:9-32
uses-permission#com.android.launcher.permission.READ_SETTINGS
ADDED from MyApplication3\BaiduMapsApiDemo\AndroidManifest.xml:16:5-85
	android:name
		ADDED from MyApplication3\BaiduMapsApiDemo\AndroidManifest.xml:16:22-82
uses-permission#android.permission.ACCESS_COARSE_LOCATION
ADDED from MyApplication3\BaiduMapsApiDemo\AndroidManifest.xml:18:5-81
	android:name
		ADDED from MyApplication3\BaiduMapsApiDemo\AndroidManifest.xml:18:22-78
uses-permission#android.permission.ACCESS_FINE_LOCATION
ADDED from MyApplication3\BaiduMapsApiDemo\AndroidManifest.xml:20:5-79
	android:name
		ADDED from MyApplication3\BaiduMapsApiDemo\AndroidManifest.xml:20:22-76
uses-permission#android.permission.ACCESS_WIFI_STATE
ADDED from MyApplication3\BaiduMapsApiDemo\AndroidManifest.xml:22:5-76
	android:name
		ADDED from MyApplication3\BaiduMapsApiDemo\AndroidManifest.xml:22:22-73
uses-permission#android.permission.ACCESS_NETWORK_STATE
ADDED from MyApplication3\BaiduMapsApiDemo\AndroidManifest.xml:24:5-79
	android:name
		ADDED from MyApplication3\BaiduMapsApiDemo\AndroidManifest.xml:24:22-76
uses-permission#android.permission.READ_PHONE_STATE
ADDED from MyApplication3\BaiduMapsApiDemo\AndroidManifest.xml:26:5-75
	android:name
		ADDED from MyApplication3\BaiduMapsApiDemo\AndroidManifest.xml:26:22-72
uses-permission#android.permission.WRITE_EXTERNAL_STORAGE
ADDED from MyApplication3\BaiduMapsApiDemo\AndroidManifest.xml:28:5-81
	android:name
		ADDED from MyApplication3\BaiduMapsApiDemo\AndroidManifest.xml:28:22-78
uses-permission#android.permission.INTERNET
ADDED from MyApplication3\BaiduMapsApiDemo\AndroidManifest.xml:30:5-67
	android:name
		ADDED from MyApplication3\BaiduMapsApiDemo\AndroidManifest.xml:30:22-64
supports-screens
ADDED from MyApplication3\BaiduMapsApiDemo\AndroidManifest.xml:32:5-37:39
	android:largeScreens
		ADDED from MyApplication3\BaiduMapsApiDemo\AndroidManifest.xml:34:9-36
	android:smallScreens
		ADDED from MyApplication3\BaiduMapsApiDemo\AndroidManifest.xml:37:9-36
	android:normalScreens
		ADDED from MyApplication3\BaiduMapsApiDemo\AndroidManifest.xml:35:9-38
	android:resizeable
		ADDED from MyApplication3\BaiduMapsApiDemo\AndroidManifest.xml:36:9-34
	android:anyDensity
		ADDED from MyApplication3\BaiduMapsApiDemo\AndroidManifest.xml:33:9-34
application
ADDED from MyApplication3\BaiduMapsApiDemo\AndroidManifest.xml:40:5-220:19
	android:label
		ADDED from MyApplication3\BaiduMapsApiDemo\AndroidManifest.xml:44:9-41
	android:hardwareAccelerated
		ADDED from MyApplication3\BaiduMapsApiDemo\AndroidManifest.xml:42:9-43
	android:icon
		ADDED from MyApplication3\BaiduMapsApiDemo\AndroidManifest.xml:43:9-45
	android:name
		ADDED from MyApplication3\BaiduMapsApiDemo\AndroidManifest.xml:41:9-40
meta-data#com.baidu.lbsapi.API_KEY
ADDED from MyApplication3\BaiduMapsApiDemo\AndroidManifest.xml:45:9-47:74
	android:value
		ADDED from MyApplication3\BaiduMapsApiDemo\AndroidManifest.xml:47:13-61
	android:name
		ADDED from MyApplication3\BaiduMapsApiDemo\AndroidManifest.xml:46:13-52
activity#baidumapsdk.demo.BMapApiDemoMain
ADDED from MyApplication3\BaiduMapsApiDemo\AndroidManifest.xml:49:9-59:20
	android:screenOrientation
		ADDED from MyApplication3\BaiduMapsApiDemo\AndroidManifest.xml:53:13-49
	android:label
		ADDED from MyApplication3\BaiduMapsApiDemo\AndroidManifest.xml:52:13-44
	android:configChanges
		ADDED from MyApplication3\BaiduMapsApiDemo\AndroidManifest.xml:51:13-63
	android:name
		ADDED from MyApplication3\BaiduMapsApiDemo\AndroidManifest.xml:50:13-44
intent-filter#android.intent.action.MAIN+android.intent.category.LAUNCHER
ADDED from MyApplication3\BaiduMapsApiDemo\AndroidManifest.xml:54:13-58:29
action#android.intent.action.MAIN
ADDED from MyApplication3\BaiduMapsApiDemo\AndroidManifest.xml:55:17-69
	android:name
		ADDED from MyApplication3\BaiduMapsApiDemo\AndroidManifest.xml:55:25-66
category#android.intent.category.LAUNCHER
ADDED from MyApplication3\BaiduMapsApiDemo\AndroidManifest.xml:57:17-77
	android:name
		ADDED from MyApplication3\BaiduMapsApiDemo\AndroidManifest.xml:57:27-74
activity#baidumapsdk.demo.map.BaseMapDemo
ADDED from MyApplication3\BaiduMapsApiDemo\AndroidManifest.xml:60:9-64:61
	android:screenOrientation
		ADDED from MyApplication3\BaiduMapsApiDemo\AndroidManifest.xml:64:13-49
	android:label
		ADDED from MyApplication3\BaiduMapsApiDemo\AndroidManifest.xml:63:13-54
	android:configChanges
		ADDED from MyApplication3\BaiduMapsApiDemo\AndroidManifest.xml:62:13-63
	android:name
		ADDED from MyApplication3\BaiduMapsApiDemo\AndroidManifest.xml:61:13-44
activity#baidumapsdk.demo.map.MapFragmentDemo
ADDED from MyApplication3\BaiduMapsApiDemo\AndroidManifest.xml:65:9-69:61
	android:screenOrientation
		ADDED from MyApplication3\BaiduMapsApiDemo\AndroidManifest.xml:69:13-49
	android:label
		ADDED from MyApplication3\BaiduMapsApiDemo\AndroidManifest.xml:68:13-59
	android:configChanges
		ADDED from MyApplication3\BaiduMapsApiDemo\AndroidManifest.xml:67:13-63
	android:name
		ADDED from MyApplication3\BaiduMapsApiDemo\AndroidManifest.xml:66:13-48
activity#baidumapsdk.demo.map.MultiMapViewDemo
ADDED from MyApplication3\BaiduMapsApiDemo\AndroidManifest.xml:70:9-74:61
	android:screenOrientation
		ADDED from MyApplication3\BaiduMapsApiDemo\AndroidManifest.xml:74:13-49
	android:label
		ADDED from MyApplication3\BaiduMapsApiDemo\AndroidManifest.xml:73:13-55
	android:configChanges
		ADDED from MyApplication3\BaiduMapsApiDemo\AndroidManifest.xml:72:13-63
	android:name
		ADDED from MyApplication3\BaiduMapsApiDemo\AndroidManifest.xml:71:13-49
activity#baidumapsdk.demo.map.GeometryDemo
ADDED from MyApplication3\BaiduMapsApiDemo\AndroidManifest.xml:75:9-79:61
	android:screenOrientation
		ADDED from MyApplication3\BaiduMapsApiDemo\AndroidManifest.xml:79:13-49
	android:label
		ADDED from MyApplication3\BaiduMapsApiDemo\AndroidManifest.xml:78:13-55
	android:configChanges
		ADDED from MyApplication3\BaiduMapsApiDemo\AndroidManifest.xml:77:13-63
	android:name
		ADDED from MyApplication3\BaiduMapsApiDemo\AndroidManifest.xml:76:13-45
activity#baidumapsdk.demo.radar.RadarDemo
ADDED from MyApplication3\BaiduMapsApiDemo\AndroidManifest.xml:80:9-84:61
	android:screenOrientation
		ADDED from MyApplication3\BaiduMapsApiDemo\AndroidManifest.xml:84:13-49
	android:label
		ADDED from MyApplication3\BaiduMapsApiDemo\AndroidManifest.xml:83:13-52
	android:configChanges
		ADDED from MyApplication3\BaiduMapsApiDemo\AndroidManifest.xml:82:13-63
	android:name
		ADDED from MyApplication3\BaiduMapsApiDemo\AndroidManifest.xml:81:13-44
activity#baidumapsdk.demo.map.FavoriteDemo
ADDED from MyApplication3\BaiduMapsApiDemo\AndroidManifest.xml:85:9-89:61
	android:screenOrientation
		ADDED from MyApplication3\BaiduMapsApiDemo\AndroidManifest.xml:89:13-49
	android:label
		ADDED from MyApplication3\BaiduMapsApiDemo\AndroidManifest.xml:88:13-55
	android:configChanges
		ADDED from MyApplication3\BaiduMapsApiDemo\AndroidManifest.xml:87:13-63
	android:name
		ADDED from MyApplication3\BaiduMapsApiDemo\AndroidManifest.xml:86:13-45
activity#baidumapsdk.demo.map.LocationDemo
ADDED from MyApplication3\BaiduMapsApiDemo\AndroidManifest.xml:90:9-94:61
	android:screenOrientation
		ADDED from MyApplication3\BaiduMapsApiDemo\AndroidManifest.xml:94:13-49
	android:label
		ADDED from MyApplication3\BaiduMapsApiDemo\AndroidManifest.xml:93:13-55
	android:configChanges
		ADDED from MyApplication3\BaiduMapsApiDemo\AndroidManifest.xml:92:13-63
	android:name
		ADDED from MyApplication3\BaiduMapsApiDemo\AndroidManifest.xml:91:13-45
activity#baidumapsdk.demo.map.MapControlDemo
ADDED from MyApplication3\BaiduMapsApiDemo\AndroidManifest.xml:95:9-99:61
	android:screenOrientation
		ADDED from MyApplication3\BaiduMapsApiDemo\AndroidManifest.xml:99:13-49
	android:label
		ADDED from MyApplication3\BaiduMapsApiDemo\AndroidManifest.xml:98:13-54
	android:configChanges
		ADDED from MyApplication3\BaiduMapsApiDemo\AndroidManifest.xml:97:13-63
	android:name
		ADDED from MyApplication3\BaiduMapsApiDemo\AndroidManifest.xml:96:13-47
activity#baidumapsdk.demo.map.UISettingDemo
ADDED from MyApplication3\BaiduMapsApiDemo\AndroidManifest.xml:100:9-104:61
	android:screenOrientation
		ADDED from MyApplication3\BaiduMapsApiDemo\AndroidManifest.xml:104:13-49
	android:label
		ADDED from MyApplication3\BaiduMapsApiDemo\AndroidManifest.xml:103:13-49
	android:configChanges
		ADDED from MyApplication3\BaiduMapsApiDemo\AndroidManifest.xml:102:13-63
	android:name
		ADDED from MyApplication3\BaiduMapsApiDemo\AndroidManifest.xml:101:13-46
activity#baidumapsdk.demo.map.LayersDemo
ADDED from MyApplication3\BaiduMapsApiDemo\AndroidManifest.xml:105:9-109:61
	android:screenOrientation
		ADDED from MyApplication3\BaiduMapsApiDemo\AndroidManifest.xml:109:13-49
	android:label
		ADDED from MyApplication3\BaiduMapsApiDemo\AndroidManifest.xml:108:13-53
	android:configChanges
		ADDED from MyApplication3\BaiduMapsApiDemo\AndroidManifest.xml:107:13-63
	android:name
		ADDED from MyApplication3\BaiduMapsApiDemo\AndroidManifest.xml:106:13-43
activity#baidumapsdk.demo.map.OverlayDemo
ADDED from MyApplication3\BaiduMapsApiDemo\AndroidManifest.xml:110:9-114:61
	android:screenOrientation
		ADDED from MyApplication3\BaiduMapsApiDemo\AndroidManifest.xml:114:13-49
	android:label
		ADDED from MyApplication3\BaiduMapsApiDemo\AndroidManifest.xml:113:13-54
	android:configChanges
		ADDED from MyApplication3\BaiduMapsApiDemo\AndroidManifest.xml:112:13-63
	android:name
		ADDED from MyApplication3\BaiduMapsApiDemo\AndroidManifest.xml:111:13-44
activity#baidumapsdk.demo.map.OfflineDemo
ADDED from MyApplication3\BaiduMapsApiDemo\AndroidManifest.xml:115:9-119:61
	android:screenOrientation
		ADDED from MyApplication3\BaiduMapsApiDemo\AndroidManifest.xml:119:13-49
	android:label
		ADDED from MyApplication3\BaiduMapsApiDemo\AndroidManifest.xml:118:13-54
	android:configChanges
		ADDED from MyApplication3\BaiduMapsApiDemo\AndroidManifest.xml:117:13-63
	android:name
		ADDED from MyApplication3\BaiduMapsApiDemo\AndroidManifest.xml:116:13-44
activity#baidumapsdk.demo.search.PoiSearchDemo
ADDED from MyApplication3\BaiduMapsApiDemo\AndroidManifest.xml:120:9-124:61
	android:screenOrientation
		ADDED from MyApplication3\BaiduMapsApiDemo\AndroidManifest.xml:124:13-49
	android:label
		ADDED from MyApplication3\BaiduMapsApiDemo\AndroidManifest.xml:123:13-50
	android:configChanges
		ADDED from MyApplication3\BaiduMapsApiDemo\AndroidManifest.xml:122:13-63
	android:name
		ADDED from MyApplication3\BaiduMapsApiDemo\AndroidManifest.xml:121:13-49
activity#baidumapsdk.demo.search.RoutePlanDemo
ADDED from MyApplication3\BaiduMapsApiDemo\AndroidManifest.xml:125:9-129:61
	android:screenOrientation
		ADDED from MyApplication3\BaiduMapsApiDemo\AndroidManifest.xml:129:13-49
	android:label
		ADDED from MyApplication3\BaiduMapsApiDemo\AndroidManifest.xml:128:13-52
	android:configChanges
		ADDED from MyApplication3\BaiduMapsApiDemo\AndroidManifest.xml:127:13-63
	android:name
		ADDED from MyApplication3\BaiduMapsApiDemo\AndroidManifest.xml:126:13-49
activity#baidumapsdk.demo.search.GeoCoderDemo
ADDED from MyApplication3\BaiduMapsApiDemo\AndroidManifest.xml:130:9-134:61
	android:screenOrientation
		ADDED from MyApplication3\BaiduMapsApiDemo\AndroidManifest.xml:134:13-49
	android:label
		ADDED from MyApplication3\BaiduMapsApiDemo\AndroidManifest.xml:133:13-54
	android:configChanges
		ADDED from MyApplication3\BaiduMapsApiDemo\AndroidManifest.xml:132:13-63
	android:name
		ADDED from MyApplication3\BaiduMapsApiDemo\AndroidManifest.xml:131:13-48
activity#baidumapsdk.demo.search.BusLineSearchDemo
ADDED from MyApplication3\BaiduMapsApiDemo\AndroidManifest.xml:135:9-139:61
	android:screenOrientation
		ADDED from MyApplication3\BaiduMapsApiDemo\AndroidManifest.xml:139:13-49
	android:label
		ADDED from MyApplication3\BaiduMapsApiDemo\AndroidManifest.xml:138:13-50
	android:configChanges
		ADDED from MyApplication3\BaiduMapsApiDemo\AndroidManifest.xml:137:13-63
	android:name
		ADDED from MyApplication3\BaiduMapsApiDemo\AndroidManifest.xml:136:13-53
activity#baidumapsdk.demo.map.HeatMapDemo
ADDED from MyApplication3\BaiduMapsApiDemo\AndroidManifest.xml:140:9-144:61
	android:screenOrientation
		ADDED from MyApplication3\BaiduMapsApiDemo\AndroidManifest.xml:144:13-49
	android:label
		ADDED from MyApplication3\BaiduMapsApiDemo\AndroidManifest.xml:143:13-54
	android:configChanges
		ADDED from MyApplication3\BaiduMapsApiDemo\AndroidManifest.xml:142:13-63
	android:name
		ADDED from MyApplication3\BaiduMapsApiDemo\AndroidManifest.xml:141:13-44
activity#baidumapsdk.demo.search.ShareDemo
ADDED from MyApplication3\BaiduMapsApiDemo\AndroidManifest.xml:145:9-149:61
	android:screenOrientation
		ADDED from MyApplication3\BaiduMapsApiDemo\AndroidManifest.xml:149:13-49
	android:label
		ADDED from MyApplication3\BaiduMapsApiDemo\AndroidManifest.xml:148:13-52
	android:configChanges
		ADDED from MyApplication3\BaiduMapsApiDemo\AndroidManifest.xml:147:13-63
	android:name
		ADDED from MyApplication3\BaiduMapsApiDemo\AndroidManifest.xml:146:13-45
activity#baidumapsdk.demo.search.ShareDemoActivity
ADDED from MyApplication3\BaiduMapsApiDemo\AndroidManifest.xml:150:9-154:61
	android:screenOrientation
		ADDED from MyApplication3\BaiduMapsApiDemo\AndroidManifest.xml:154:13-49
	android:label
		ADDED from MyApplication3\BaiduMapsApiDemo\AndroidManifest.xml:153:13-52
	android:configChanges
		ADDED from MyApplication3\BaiduMapsApiDemo\AndroidManifest.xml:152:13-63
	android:name
		ADDED from MyApplication3\BaiduMapsApiDemo\AndroidManifest.xml:151:13-53
activity#baidumapsdk.demo.util.OpenBaiduMap
ADDED from MyApplication3\BaiduMapsApiDemo\AndroidManifest.xml:155:9-159:61
	android:screenOrientation
		ADDED from MyApplication3\BaiduMapsApiDemo\AndroidManifest.xml:159:13-49
	android:label
		ADDED from MyApplication3\BaiduMapsApiDemo\AndroidManifest.xml:158:13-60
	android:configChanges
		ADDED from MyApplication3\BaiduMapsApiDemo\AndroidManifest.xml:157:13-63
	android:name
		ADDED from MyApplication3\BaiduMapsApiDemo\AndroidManifest.xml:156:13-46
activity#baidumapsdk.demo.cloud.CloudSearchActivity
ADDED from MyApplication3\BaiduMapsApiDemo\AndroidManifest.xml:160:9-164:61
	android:screenOrientation
		ADDED from MyApplication3\BaiduMapsApiDemo\AndroidManifest.xml:164:13-49
	android:label
		ADDED from MyApplication3\BaiduMapsApiDemo\AndroidManifest.xml:163:13-52
	android:configChanges
		ADDED from MyApplication3\BaiduMapsApiDemo\AndroidManifest.xml:162:13-63
	android:name
		ADDED from MyApplication3\BaiduMapsApiDemo\AndroidManifest.xml:161:13-54
activity#baidumapsdk.demo.cloud.CloudSearchDemo
ADDED from MyApplication3\BaiduMapsApiDemo\AndroidManifest.xml:165:9-169:61
	android:screenOrientation
		ADDED from MyApplication3\BaiduMapsApiDemo\AndroidManifest.xml:169:13-49
	android:label
		ADDED from MyApplication3\BaiduMapsApiDemo\AndroidManifest.xml:168:13-69
	android:configChanges
		ADDED from MyApplication3\BaiduMapsApiDemo\AndroidManifest.xml:167:13-63
	android:name
		ADDED from MyApplication3\BaiduMapsApiDemo\AndroidManifest.xml:166:13-50
activity#baidumapsdk.demo.map.OpenglDemo
ADDED from MyApplication3\BaiduMapsApiDemo\AndroidManifest.xml:170:9-174:61
	android:screenOrientation
		ADDED from MyApplication3\BaiduMapsApiDemo\AndroidManifest.xml:174:13-49
	android:label
		ADDED from MyApplication3\BaiduMapsApiDemo\AndroidManifest.xml:173:13-53
	android:configChanges
		ADDED from MyApplication3\BaiduMapsApiDemo\AndroidManifest.xml:172:13-63
	android:name
		ADDED from MyApplication3\BaiduMapsApiDemo\AndroidManifest.xml:171:13-43
activity#baidumapsdk.demo.map.TextureMapViewDemo
ADDED from MyApplication3\BaiduMapsApiDemo\AndroidManifest.xml:175:9-179:61
	android:screenOrientation
		ADDED from MyApplication3\BaiduMapsApiDemo\AndroidManifest.xml:179:13-49
	android:label
		ADDED from MyApplication3\BaiduMapsApiDemo\AndroidManifest.xml:178:13-61
	android:configChanges
		ADDED from MyApplication3\BaiduMapsApiDemo\AndroidManifest.xml:177:13-63
	android:name
		ADDED from MyApplication3\BaiduMapsApiDemo\AndroidManifest.xml:176:13-51
activity#baidumapsdk.demo.map.TileOverlayDemo
ADDED from MyApplication3\BaiduMapsApiDemo\AndroidManifest.xml:180:9-184:61
	android:screenOrientation
		ADDED from MyApplication3\BaiduMapsApiDemo\AndroidManifest.xml:184:13-49
	android:label
		ADDED from MyApplication3\BaiduMapsApiDemo\AndroidManifest.xml:183:13-58
	android:configChanges
		ADDED from MyApplication3\BaiduMapsApiDemo\AndroidManifest.xml:182:13-63
	android:name
		ADDED from MyApplication3\BaiduMapsApiDemo\AndroidManifest.xml:181:13-48
service#com.baidu.location.f
ADDED from MyApplication3\BaiduMapsApiDemo\AndroidManifest.xml:186:9-189:49
	android:process
		ADDED from MyApplication3\BaiduMapsApiDemo\AndroidManifest.xml:189:13-38
	android:enabled
		ADDED from MyApplication3\BaiduMapsApiDemo\AndroidManifest.xml:188:13-35
	android:name
		ADDED from MyApplication3\BaiduMapsApiDemo\AndroidManifest.xml:187:13-48
activity#baidumapsdk.demo.map.MarkerClusterDemo
ADDED from MyApplication3\BaiduMapsApiDemo\AndroidManifest.xml:191:9-195:61
	android:screenOrientation
		ADDED from MyApplication3\BaiduMapsApiDemo\AndroidManifest.xml:195:13-49
	android:label
		ADDED from MyApplication3\BaiduMapsApiDemo\AndroidManifest.xml:194:13-71
	android:configChanges
		ADDED from MyApplication3\BaiduMapsApiDemo\AndroidManifest.xml:193:13-63
	android:name
		ADDED from MyApplication3\BaiduMapsApiDemo\AndroidManifest.xml:192:13-50
activity#baidumapsdk.demo.search.DistrictSearchDemo
ADDED from MyApplication3\BaiduMapsApiDemo\AndroidManifest.xml:197:9-201:61
	android:screenOrientation
		ADDED from MyApplication3\BaiduMapsApiDemo\AndroidManifest.xml:201:13-49
	android:label
		ADDED from MyApplication3\BaiduMapsApiDemo\AndroidManifest.xml:200:13-60
	android:configChanges
		ADDED from MyApplication3\BaiduMapsApiDemo\AndroidManifest.xml:199:13-63
	android:name
		ADDED from MyApplication3\BaiduMapsApiDemo\AndroidManifest.xml:198:13-54
activity#baidumapsdk.demo.map.IndoorMapDemo
ADDED from MyApplication3\BaiduMapsApiDemo\AndroidManifest.xml:202:9-206:61
	android:screenOrientation
		ADDED from MyApplication3\BaiduMapsApiDemo\AndroidManifest.xml:206:13-49
	android:label
		ADDED from MyApplication3\BaiduMapsApiDemo\AndroidManifest.xml:205:13-53
	android:configChanges
		ADDED from MyApplication3\BaiduMapsApiDemo\AndroidManifest.xml:204:13-63
	android:name
		ADDED from MyApplication3\BaiduMapsApiDemo\AndroidManifest.xml:203:13-46
activity#baidumapsdk.demo.search.IndoorSearchDemo
ADDED from MyApplication3\BaiduMapsApiDemo\AndroidManifest.xml:207:9-211:61
	android:screenOrientation
		ADDED from MyApplication3\BaiduMapsApiDemo\AndroidManifest.xml:211:13-49
	android:label
		ADDED from MyApplication3\BaiduMapsApiDemo\AndroidManifest.xml:210:13-53
	android:configChanges
		ADDED from MyApplication3\BaiduMapsApiDemo\AndroidManifest.xml:209:13-63
	android:name
		ADDED from MyApplication3\BaiduMapsApiDemo\AndroidManifest.xml:208:13-52
activity#baidumapsdk.demo.map.TrackShowDemo
ADDED from MyApplication3\BaiduMapsApiDemo\AndroidManifest.xml:213:9-217:61
	android:screenOrientation
		ADDED from MyApplication3\BaiduMapsApiDemo\AndroidManifest.xml:217:13-49
	android:label
		ADDED from MyApplication3\BaiduMapsApiDemo\AndroidManifest.xml:216:13-52
	android:configChanges
		ADDED from MyApplication3\BaiduMapsApiDemo\AndroidManifest.xml:215:13-63
	android:name
		ADDED from MyApplication3\BaiduMapsApiDemo\AndroidManifest.xml:214:13-46